<?xml version="1.0" encoding="UTF-8"?>
<testng-results ignored="0" total="1" passed="1" failed="0" skipped="0">
  <reporter-output>
  </reporter-output>
  <suite started-at="2021-08-30T01:47:03Z" name="Default suite" finished-at="2021-08-30T01:47:06Z" duration-ms="2602">
    <groups>
    </groups>
    <test started-at="2021-08-30T01:47:03Z" name="Default test" finished-at="2021-08-30T01:47:06Z" duration-ms="2602">
      <class name="exampleSchema.ExampleSchema.APIExample">
        <test-method is-config="true" signature="login()[pri:0, instance:exampleSchema.ExampleSchema.APIExample@38d5b107]" started-at="2021-08-30T01:47:00Z" name="login" finished-at="2021-08-30T01:47:03Z" duration-ms="2862" status="PASS">
          <reporter-output>
          </reporter-output>
        </test-method> <!-- login -->
        <test-method signature="dashboard()[pri:0, instance:exampleSchema.ExampleSchema.APIExample@38d5b107]" started-at="2021-08-30T01:47:03Z" name="dashboard" finished-at="2021-08-30T01:47:06Z" duration-ms="2590" status="PASS">
          <reporter-output>
          </reporter-output>
        </test-method> <!-- dashboard -->
      </class> <!-- exampleSchema.ExampleSchema.APIExample -->
    </test> <!-- Default test -->
  </suite> <!-- Default suite -->
</testng-results>
